SpeechBrain system description
==============================
Python version:
3.10.6 (main, Nov  2 2022, 18:53:38) [GCC 11.3.0]
==============================
Installed Python packages:
anyio==3.6.2
appdirs==1.4.4
argon2-cffi==21.3.0
argon2-cffi-bindings==21.2.0
asttokens==2.1.0
attrs==22.1.0
backcall==0.2.0
beautifulsoup4==4.11.1
black==19.10b0
bleach==5.0.1
certifi==2022.9.24
cffi==1.15.1
cfgv==3.3.1
charset-normalizer==2.1.1
click==8.0.4
contourpy==1.0.6
cycler==0.11.0
decorator==5.1.1
defusedxml==0.7.1
distlib==0.3.6
entrypoints==0.3
executing==1.2.0
fastjsonschema==2.16.2
filelock==3.8.0
flake8==3.7.9
fonttools==4.38.0
huggingface-hub==0.10.1
HyperPyYAML==1.0.1
identify==2.5.8
idna==3.4
ipykernel==5.5.3
ipython==8.6.0
ipython-genutils==0.2.0
ipywidgets==8.0.2
jedi==0.18.1
Jinja2==3.1.2
joblib==1.2.0
jsonschema==4.17.0
jupyter==1.0.0
jupyter-console==6.4.4
jupyter-server==1.21.0
jupyter_client==7.4.4
jupyter_core==4.11.2
jupyterlab-pygments==0.2.2
jupyterlab-widgets==3.0.3
kiwisolver==1.4.4
MarkupSafe==2.1.1
matplotlib==3.6.1
matplotlib-inline==0.1.2
mccabe==0.6.1
mistune==2.0.4
more-itertools==9.0.0
nbclassic==0.4.8
nbclient==0.7.0
nbconvert==7.2.3
nbformat==5.7.0
nest-asyncio==1.5.6
nodeenv==1.7.0
notebook==6.5.2
notebook_shim==0.2.2
numpy==1.23.4
nvidia-cublas-cu11==11.10.3.66
nvidia-cuda-nvrtc-cu11==11.7.99
nvidia-cuda-runtime-cu11==11.7.99
nvidia-cudnn-cu11==8.5.0.96
packaging==21.3
pandocfilters==1.5.0
parso==0.8.3
pathspec==0.10.1
pexpect==4.8.0
pickleshare==0.7.5
Pillow==9.3.0
platformdirs==2.5.2
pluggy==0.13.1
pre-commit==2.20.0
prometheus-client==0.15.0
prompt-toolkit==3.0.32
ptyprocess==0.7.0
pure-eval==0.2.2
py==1.11.0
pycodestyle==2.5.0
pycparser==2.21
pyflakes==2.1.1
Pygments==2.13.0
pyparsing==3.0.9
pyrsistent==0.19.2
pytest==5.4.1
python-dateutil==2.8.2
PyYAML==6.0
pyzmq==24.0.1
qtconsole==5.4.0
QtPy==2.2.1
regex==2022.10.31
requests==2.28.1
ruamel.yaml==0.17.21
ruamel.yaml.clib==0.2.7
scipy==1.8.1
Send2Trash==1.8.0
sentencepiece==0.1.97
six==1.16.0
sniffio==1.3.0
soupsieve==2.3.2.post1
speechbrain==0.5.13
stack-data==0.6.0
terminado==0.17.0
tinycss2==1.2.1
toml==0.10.2
torch==1.13.0
torchaudio==0.13.0
torchvision==0.14.0
tornado==6.2
tqdm==4.64.1
traitlets==5.5.0
typed-ast==1.5.4
typing_extensions==4.4.0
urllib3==1.26.12
virtualenv==20.16.6
wcwidth==0.2.5
webencodings==0.5.1
websocket-client==1.4.1
widgetsnbextension==4.0.3
yamllint==1.23.0
==============================
Git revision:
49b86da2
==============================
CUDA not available